\BOOKMARK [1][-]{section.1}{Riferimenti informativi}{}% 1
\BOOKMARK [1][-]{section.2}{Introduzione}{}% 2
\BOOKMARK [1][-]{section.3}{Analisi dei requisiti}{}% 3
\BOOKMARK [2][-]{subsection.3.1}{Utenti esterni}{section.3}% 4
\BOOKMARK [3][-]{subsubsection.3.1.1}{Utente non registrato}{subsection.3.1}% 5
\BOOKMARK [3][-]{subsubsection.3.1.2}{Utente registrato}{subsection.3.1}% 6
\BOOKMARK [2][-]{subsection.3.2}{Utenti interni}{section.3}% 7
\BOOKMARK [3][-]{subsubsection.3.2.1}{Amministratore}{subsection.3.2}% 8
\BOOKMARK [1][-]{section.4}{Dati e informazioni}{}% 9
\BOOKMARK [2][-]{subsection.4.1}{Contenuti}{section.4}% 10
\BOOKMARK [2][-]{subsection.4.2}{Schema dei dati}{section.4}% 11
\BOOKMARK [1][-]{section.5}{Applicazioni e servizi}{}% 12
\BOOKMARK [2][-]{subsection.5.1}{Sezione amministratore}{section.5}% 13
\BOOKMARK [2][-]{subsection.5.2}{Sezione utente non registrato}{section.5}% 14
\BOOKMARK [2][-]{subsection.5.3}{Sezione utente registrato}{section.5}% 15
\BOOKMARK [1][-]{section.6}{Accessibilit\340 e stile}{}% 16
\BOOKMARK [2][-]{subsection.6.1}{Accessibilit\340}{section.6}% 17
\BOOKMARK [3][-]{subsubsection.6.1.1}{Form}{subsection.6.1}% 18
\BOOKMARK [3][-]{subsubsection.6.1.2}{Screen reader}{subsection.6.1}% 19
\BOOKMARK [3][-]{subsubsection.6.1.3}{Immagini}{subsection.6.1}% 20
\BOOKMARK [3][-]{subsubsection.6.1.4}{Colori}{subsection.6.1}% 21
\BOOKMARK [3][-]{subsubsection.6.1.5}{Navigazione}{subsection.6.1}% 22
\BOOKMARK [2][-]{subsection.6.2}{Layout responsive}{section.6}% 23
\BOOKMARK [1][-]{section.7}{Strumenti e sviluppo}{}% 24
\BOOKMARK [2][-]{subsection.7.1}{Strumenti per la validazione}{section.7}% 25
\BOOKMARK [3][-]{subsubsection.7.1.1}{W3C Markup Validator}{subsection.7.1}% 26
\BOOKMARK [3][-]{subsubsection.7.1.2}{W3C CSS Validator}{subsection.7.1}% 27
\BOOKMARK [3][-]{subsubsection.7.1.3}{W3C XML Schema Validator}{subsection.7.1}% 28
\BOOKMARK [2][-]{subsection.7.2}{Strumenti per l'accessibilit\340}{section.7}% 29
\BOOKMARK [3][-]{subsubsection.7.2.1}{Total Validator}{subsection.7.2}% 30
\BOOKMARK [3][-]{subsubsection.7.2.2}{snook.ca}{subsection.7.2}% 31
\BOOKMARK [2][-]{subsection.7.3}{Perl}{section.7}% 32
\BOOKMARK [2][-]{subsection.7.4}{HTML}{section.7}% 33
\BOOKMARK [2][-]{subsection.7.5}{CSS}{section.7}% 34
\BOOKMARK [2][-]{subsection.7.6}{Javascript}{section.7}% 35
\BOOKMARK [1][-]{section.8}{Struttura del progetto}{}% 36
\BOOKMARK [1][-]{section.9}{Ripartizione del lavoro}{}% 37
